[ 2017-03-14T22:16:57+08:00 ] 192.168.33.1 /
INFO: [ app_init ] --START--
INFO: Run Behavior\BuildLiteBehavior [ RunTime:0.000015s ]
INFO: [ app_init ] --END-- [ RunTime:0.001745s ]
INFO: [ app_begin ] --START--
INFO: Run Behavior\ReadHtmlCacheBehavior [ RunTime:0.002986s ]
INFO: [ app_begin ] --END-- [ RunTime:0.003061s ]
SQL: SHOW COLUMNS FROM `article` [ RunTime:0.0004s ]
SQL: SELECT article.*,category.category_name FROM `article` LEFT JOIN category ON article.category_id = category.id   [ RunTime:0.0005s ]
SQL: SHOW COLUMNS FROM `tag` [ RunTime:0.0005s ]
SQL: SELECT * FROM `tag` ORDER BY display_order  [ RunTime:0.0003s ]
INFO: [ view_parse ] --START--
INFO: [ template_filter ] --START--
INFO: Run Behavior\ContentReplaceBehavior [ RunTime:0.000042s ]
INFO: [ template_filter ] --END-- [ RunTime:0.000085s ]
ERR: Call to undefined function generate_url()

[ 2017-03-14T22:18:55+08:00 ] 192.168.33.1 /
INFO: [ app_init ] --START--
INFO: Run Behavior\BuildLiteBehavior [ RunTime:0.000011s ]
INFO: [ app_init ] --END-- [ RunTime:0.000599s ]
INFO: [ app_begin ] --START--
INFO: Run Behavior\ReadHtmlCacheBehavior [ RunTime:0.000842s ]
INFO: [ app_begin ] --END-- [ RunTime:0.000882s ]
SQL: SHOW COLUMNS FROM `article` [ RunTime:0.0004s ]
SQL: SELECT article.*,category.category_name FROM `article` LEFT JOIN category ON article.category_id = category.id   [ RunTime:0.0003s ]
SQL: SHOW COLUMNS FROM `tag` [ RunTime:0.0004s ]
SQL: SELECT * FROM `tag` ORDER BY display_order  [ RunTime:0.0002s ]
INFO: [ view_parse ] --START--
INFO: [ template_filter ] --START--
INFO: Run Behavior\ContentReplaceBehavior [ RunTime:0.000039s ]
INFO: [ template_filter ] --END-- [ RunTime:0.000077s ]
NOTIC: [8] Use of undefined constant id - assumed 'id' /app/site/blog.mcgoldfish.com/Application/Runtime/Cache/Home/8cca0fde40b05e619f4b9e6ccada96a4.php 第 87 行.
NOTIC: [8] Array to string conversion /app/site/blog.mcgoldfish.com/Application/Runtime/Cache/Home/8cca0fde40b05e619f4b9e6ccada96a4.php 第 87 行.
NOTIC: [8] Use of undefined constant id - assumed 'id' /app/site/blog.mcgoldfish.com/Application/Runtime/Cache/Home/8cca0fde40b05e619f4b9e6ccada96a4.php 第 87 行.
NOTIC: [8] Array to string conversion /app/site/blog.mcgoldfish.com/Application/Runtime/Cache/Home/8cca0fde40b05e619f4b9e6ccada96a4.php 第 87 行.
NOTIC: [8] Use of undefined constant id - assumed 'id' /app/site/blog.mcgoldfish.com/Application/Runtime/Cache/Home/8cca0fde40b05e619f4b9e6ccada96a4.php 第 87 行.
NOTIC: [8] Array to string conversion /app/site/blog.mcgoldfish.com/Application/Runtime/Cache/Home/8cca0fde40b05e619f4b9e6ccada96a4.php 第 87 行.
NOTIC: [8] Use of undefined constant id - assumed 'id' /app/site/blog.mcgoldfish.com/Application/Runtime/Cache/Home/8cca0fde40b05e619f4b9e6ccada96a4.php 第 87 行.
NOTIC: [8] Array to string conversion /app/site/blog.mcgoldfish.com/Application/Runtime/Cache/Home/8cca0fde40b05e619f4b9e6ccada96a4.php 第 87 行.
NOTIC: [8] Use of undefined constant id - assumed 'id' /app/site/blog.mcgoldfish.com/Application/Runtime/Cache/Home/8cca0fde40b05e619f4b9e6ccada96a4.php 第 87 行.
NOTIC: [8] Array to string conversion /app/site/blog.mcgoldfish.com/Application/Runtime/Cache/Home/8cca0fde40b05e619f4b9e6ccada96a4.php 第 87 行.
NOTIC: [8] Use of undefined constant id - assumed 'id' /app/site/blog.mcgoldfish.com/Application/Runtime/Cache/Home/8cca0fde40b05e619f4b9e6ccada96a4.php 第 87 行.
NOTIC: [8] Array to string conversion /app/site/blog.mcgoldfish.com/Application/Runtime/Cache/Home/8cca0fde40b05e619f4b9e6ccada96a4.php 第 87 行.
NOTIC: [8] Use of undefined constant id - assumed 'id' /app/site/blog.mcgoldfish.com/Application/Runtime/Cache/Home/8cca0fde40b05e619f4b9e6ccada96a4.php 第 87 行.
NOTIC: [8] Array to string conversion /app/site/blog.mcgoldfish.com/Application/Runtime/Cache/Home/8cca0fde40b05e619f4b9e6ccada96a4.php 第 87 行.
NOTIC: [8] Use of undefined constant id - assumed 'id' /app/site/blog.mcgoldfish.com/Application/Runtime/Cache/Home/8cca0fde40b05e619f4b9e6ccada96a4.php 第 87 行.
NOTIC: [8] Array to string conversion /app/site/blog.mcgoldfish.com/Application/Runtime/Cache/Home/8cca0fde40b05e619f4b9e6ccada96a4.php 第 87 行.
NOTIC: [8] Use of undefined constant id - assumed 'id' /app/site/blog.mcgoldfish.com/Application/Runtime/Cache/Home/8cca0fde40b05e619f4b9e6ccada96a4.php 第 87 行.
NOTIC: [8] Array to string conversion /app/site/blog.mcgoldfish.com/Application/Runtime/Cache/Home/8cca0fde40b05e619f4b9e6ccada96a4.php 第 87 行.
INFO: Run Behavior\ParseTemplateBehavior [ RunTime:0.011974s ]
INFO: [ view_parse ] --END-- [ RunTime:0.012013s ]
INFO: [ view_filter ] --START--
INFO: Run Behavior\WriteHtmlCacheBehavior [ RunTime:0.002380s ]
INFO: [ view_filter ] --END-- [ RunTime:0.002423s ]
INFO: [ app_end ] --START--
INFO: Run Behavior\ShowPageTraceBehavior [ RunTime:0.003584s ]
INFO: [ app_end ] --END-- [ RunTime:0.003642s ]

[ 2017-03-14T22:21:15+08:00 ] 192.168.33.1 /
INFO: [ app_init ] --START--
INFO: Run Behavior\BuildLiteBehavior [ RunTime:0.000012s ]
INFO: [ app_init ] --END-- [ RunTime:0.000590s ]
INFO: [ app_begin ] --START--
INFO: Run Behavior\ReadHtmlCacheBehavior [ RunTime:0.000815s ]
INFO: [ app_begin ] --END-- [ RunTime:0.000851s ]
SQL: SHOW COLUMNS FROM `article` [ RunTime:0.0003s ]
SQL: SELECT article.*,category.category_name FROM `article` LEFT JOIN category ON article.category_id = category.id   [ RunTime:0.0004s ]
SQL: SHOW COLUMNS FROM `tag` [ RunTime:0.0003s ]
SQL: SELECT * FROM `tag` ORDER BY display_order  [ RunTime:0.0002s ]
INFO: [ view_parse ] --START--
INFO: [ template_filter ] --START--
INFO: Run Behavior\ContentReplaceBehavior [ RunTime:0.000038s ]
INFO: [ template_filter ] --END-- [ RunTime:0.000076s ]
NOTIC: [8] Use of undefined constant id - assumed 'id' /app/site/blog.mcgoldfish.com/Application/Runtime/Cache/Home/8cca0fde40b05e619f4b9e6ccada96a4.php 第 87 行.
NOTIC: [8] Array to string conversion /app/site/blog.mcgoldfish.com/Application/Runtime/Cache/Home/8cca0fde40b05e619f4b9e6ccada96a4.php 第 87 行.
NOTIC: [8] Use of undefined constant id - assumed 'id' /app/site/blog.mcgoldfish.com/Application/Runtime/Cache/Home/8cca0fde40b05e619f4b9e6ccada96a4.php 第 87 行.
NOTIC: [8] Array to string conversion /app/site/blog.mcgoldfish.com/Application/Runtime/Cache/Home/8cca0fde40b05e619f4b9e6ccada96a4.php 第 87 行.
NOTIC: [8] Use of undefined constant id - assumed 'id' /app/site/blog.mcgoldfish.com/Application/Runtime/Cache/Home/8cca0fde40b05e619f4b9e6ccada96a4.php 第 87 行.
NOTIC: [8] Array to string conversion /app/site/blog.mcgoldfish.com/Application/Runtime/Cache/Home/8cca0fde40b05e619f4b9e6ccada96a4.php 第 87 行.
NOTIC: [8] Use of undefined constant id - assumed 'id' /app/site/blog.mcgoldfish.com/Application/Runtime/Cache/Home/8cca0fde40b05e619f4b9e6ccada96a4.php 第 87 行.
NOTIC: [8] Array to string conversion /app/site/blog.mcgoldfish.com/Application/Runtime/Cache/Home/8cca0fde40b05e619f4b9e6ccada96a4.php 第 87 行.
NOTIC: [8] Use of undefined constant id - assumed 'id' /app/site/blog.mcgoldfish.com/Application/Runtime/Cache/Home/8cca0fde40b05e619f4b9e6ccada96a4.php 第 87 行.
NOTIC: [8] Array to string conversion /app/site/blog.mcgoldfish.com/Application/Runtime/Cache/Home/8cca0fde40b05e619f4b9e6ccada96a4.php 第 87 行.
NOTIC: [8] Use of undefined constant id - assumed 'id' /app/site/blog.mcgoldfish.com/Application/Runtime/Cache/Home/8cca0fde40b05e619f4b9e6ccada96a4.php 第 87 行.
NOTIC: [8] Array to string conversion /app/site/blog.mcgoldfish.com/Application/Runtime/Cache/Home/8cca0fde40b05e619f4b9e6ccada96a4.php 第 87 行.
NOTIC: [8] Use of undefined constant id - assumed 'id' /app/site/blog.mcgoldfish.com/Application/Runtime/Cache/Home/8cca0fde40b05e619f4b9e6ccada96a4.php 第 87 行.
NOTIC: [8] Array to string conversion /app/site/blog.mcgoldfish.com/Application/Runtime/Cache/Home/8cca0fde40b05e619f4b9e6ccada96a4.php 第 87 行.
NOTIC: [8] Use of undefined constant id - assumed 'id' /app/site/blog.mcgoldfish.com/Application/Runtime/Cache/Home/8cca0fde40b05e619f4b9e6ccada96a4.php 第 87 行.
NOTIC: [8] Array to string conversion /app/site/blog.mcgoldfish.com/Application/Runtime/Cache/Home/8cca0fde40b05e619f4b9e6ccada96a4.php 第 87 行.
NOTIC: [8] Use of undefined constant id - assumed 'id' /app/site/blog.mcgoldfish.com/Application/Runtime/Cache/Home/8cca0fde40b05e619f4b9e6ccada96a4.php 第 87 行.
NOTIC: [8] Array to string conversion /app/site/blog.mcgoldfish.com/Application/Runtime/Cache/Home/8cca0fde40b05e619f4b9e6ccada96a4.php 第 87 行.
INFO: Run Behavior\ParseTemplateBehavior [ RunTime:0.011871s ]
INFO: [ view_parse ] --END-- [ RunTime:0.011911s ]
INFO: [ view_filter ] --START--
INFO: Run Behavior\WriteHtmlCacheBehavior [ RunTime:0.001075s ]
INFO: [ view_filter ] --END-- [ RunTime:0.001111s ]
INFO: [ app_end ] --START--
INFO: Run Behavior\ShowPageTraceBehavior [ RunTime:0.001508s ]
INFO: [ app_end ] --END-- [ RunTime:0.001560s ]

[ 2017-03-14T22:24:46+08:00 ] 192.168.33.1 /
INFO: [ app_init ] --START--
INFO: Run Behavior\BuildLiteBehavior [ RunTime:0.000054s ]
INFO: [ app_init ] --END-- [ RunTime:0.001470s ]
INFO: [ app_begin ] --START--
INFO: Run Behavior\ReadHtmlCacheBehavior [ RunTime:0.001664s ]
INFO: [ app_begin ] --END-- [ RunTime:0.001783s ]
SQL: SHOW COLUMNS FROM `article` [ RunTime:0.0004s ]
SQL: SELECT article.*,category.category_name FROM `article` LEFT JOIN category ON article.category_id = category.id   [ RunTime:0.0003s ]
SQL: SHOW COLUMNS FROM `tag` [ RunTime:0.0006s ]
SQL: SELECT * FROM `tag` ORDER BY display_order  [ RunTime:0.0003s ]
INFO: [ view_parse ] --START--
INFO: [ template_filter ] --START--
INFO: Run Behavior\ContentReplaceBehavior [ RunTime:0.000103s ]
INFO: [ template_filter ] --END-- [ RunTime:0.000376s ]
NOTIC: [8] Use of undefined constant id - assumed 'id' /app/site/blog.mcgoldfish.com/Application/Runtime/Cache/Home/8cca0fde40b05e619f4b9e6ccada96a4.php 第 87 行.
NOTIC: [8] Array to string conversion /app/site/blog.mcgoldfish.com/Application/Runtime/Cache/Home/8cca0fde40b05e619f4b9e6ccada96a4.php 第 87 行.
NOTIC: [8] Use of undefined constant id - assumed 'id' /app/site/blog.mcgoldfish.com/Application/Runtime/Cache/Home/8cca0fde40b05e619f4b9e6ccada96a4.php 第 87 行.
NOTIC: [8] Array to string conversion /app/site/blog.mcgoldfish.com/Application/Runtime/Cache/Home/8cca0fde40b05e619f4b9e6ccada96a4.php 第 87 行.
NOTIC: [8] Use of undefined constant id - assumed 'id' /app/site/blog.mcgoldfish.com/Application/Runtime/Cache/Home/8cca0fde40b05e619f4b9e6ccada96a4.php 第 87 行.
NOTIC: [8] Array to string conversion /app/site/blog.mcgoldfish.com/Application/Runtime/Cache/Home/8cca0fde40b05e619f4b9e6ccada96a4.php 第 87 行.
NOTIC: [8] Use of undefined constant id - assumed 'id' /app/site/blog.mcgoldfish.com/Application/Runtime/Cache/Home/8cca0fde40b05e619f4b9e6ccada96a4.php 第 87 行.
NOTIC: [8] Array to string conversion /app/site/blog.mcgoldfish.com/Application/Runtime/Cache/Home/8cca0fde40b05e619f4b9e6ccada96a4.php 第 87 行.
NOTIC: [8] Use of undefined constant id - assumed 'id' /app/site/blog.mcgoldfish.com/Application/Runtime/Cache/Home/8cca0fde40b05e619f4b9e6ccada96a4.php 第 87 行.
NOTIC: [8] Array to string conversion /app/site/blog.mcgoldfish.com/Application/Runtime/Cache/Home/8cca0fde40b05e619f4b9e6ccada96a4.php 第 87 行.
NOTIC: [8] Use of undefined constant id - assumed 'id' /app/site/blog.mcgoldfish.com/Application/Runtime/Cache/Home/8cca0fde40b05e619f4b9e6ccada96a4.php 第 87 行.
NOTIC: [8] Array to string conversion /app/site/blog.mcgoldfish.com/Application/Runtime/Cache/Home/8cca0fde40b05e619f4b9e6ccada96a4.php 第 87 行.
NOTIC: [8] Use of undefined constant id - assumed 'id' /app/site/blog.mcgoldfish.com/Application/Runtime/Cache/Home/8cca0fde40b05e619f4b9e6ccada96a4.php 第 87 行.
NOTIC: [8] Array to string conversion /app/site/blog.mcgoldfish.com/Application/Runtime/Cache/Home/8cca0fde40b05e619f4b9e6ccada96a4.php 第 87 行.
NOTIC: [8] Use of undefined constant id - assumed 'id' /app/site/blog.mcgoldfish.com/Application/Runtime/Cache/Home/8cca0fde40b05e619f4b9e6ccada96a4.php 第 87 行.
NOTIC: [8] Array to string conversion /app/site/blog.mcgoldfish.com/Application/Runtime/Cache/Home/8cca0fde40b05e619f4b9e6ccada96a4.php 第 87 行.
NOTIC: [8] Use of undefined constant id - assumed 'id' /app/site/blog.mcgoldfish.com/Application/Runtime/Cache/Home/8cca0fde40b05e619f4b9e6ccada96a4.php 第 87 行.
NOTIC: [8] Array to string conversion /app/site/blog.mcgoldfish.com/Application/Runtime/Cache/Home/8cca0fde40b05e619f4b9e6ccada96a4.php 第 87 行.
INFO: Run Behavior\ParseTemplateBehavior [ RunTime:0.035239s ]
INFO: [ view_parse ] --END-- [ RunTime:0.035315s ]
INFO: [ view_filter ] --START--
INFO: Run Behavior\WriteHtmlCacheBehavior [ RunTime:0.001521s ]
INFO: [ view_filter ] --END-- [ RunTime:0.001618s ]
INFO: [ app_end ] --START--
INFO: Run Behavior\ShowPageTraceBehavior [ RunTime:0.001676s ]
INFO: [ app_end ] --END-- [ RunTime:0.001775s ]

[ 2017-03-14T22:27:05+08:00 ] 192.168.33.1 /
INFO: [ app_init ] --START--
INFO: Run Behavior\BuildLiteBehavior [ RunTime:0.000013s ]
INFO: [ app_init ] --END-- [ RunTime:0.000731s ]
INFO: [ app_begin ] --START--
INFO: Run Behavior\ReadHtmlCacheBehavior [ RunTime:0.000880s ]
INFO: [ app_begin ] --END-- [ RunTime:0.000925s ]
SQL: SHOW COLUMNS FROM `article` [ RunTime:0.0003s ]
SQL: SELECT article.*,category.category_name FROM `article` LEFT JOIN category ON article.category_id = category.id   [ RunTime:0.0003s ]
SQL: SHOW COLUMNS FROM `tag` [ RunTime:0.0003s ]
SQL: SELECT * FROM `tag` ORDER BY display_order  [ RunTime:0.0002s ]
INFO: [ view_parse ] --START--
INFO: [ template_filter ] --START--
INFO: Run Behavior\ContentReplaceBehavior [ RunTime:0.000041s ]
INFO: [ template_filter ] --END-- [ RunTime:0.000083s ]
NOTIC: [8] Use of undefined constant id - assumed 'id' /app/site/blog.mcgoldfish.com/Application/Runtime/Cache/Home/8cca0fde40b05e619f4b9e6ccada96a4.php 第 87 行.
NOTIC: [8] Array to string conversion /app/site/blog.mcgoldfish.com/Application/Runtime/Cache/Home/8cca0fde40b05e619f4b9e6ccada96a4.php 第 87 行.
NOTIC: [8] Use of undefined constant id - assumed 'id' /app/site/blog.mcgoldfish.com/Application/Runtime/Cache/Home/8cca0fde40b05e619f4b9e6ccada96a4.php 第 87 行.
NOTIC: [8] Array to string conversion /app/site/blog.mcgoldfish.com/Application/Runtime/Cache/Home/8cca0fde40b05e619f4b9e6ccada96a4.php 第 87 行.
NOTIC: [8] Use of undefined constant id - assumed 'id' /app/site/blog.mcgoldfish.com/Application/Runtime/Cache/Home/8cca0fde40b05e619f4b9e6ccada96a4.php 第 87 行.
NOTIC: [8] Array to string conversion /app/site/blog.mcgoldfish.com/Application/Runtime/Cache/Home/8cca0fde40b05e619f4b9e6ccada96a4.php 第 87 行.
NOTIC: [8] Use of undefined constant id - assumed 'id' /app/site/blog.mcgoldfish.com/Application/Runtime/Cache/Home/8cca0fde40b05e619f4b9e6ccada96a4.php 第 87 行.
NOTIC: [8] Array to string conversion /app/site/blog.mcgoldfish.com/Application/Runtime/Cache/Home/8cca0fde40b05e619f4b9e6ccada96a4.php 第 87 行.
NOTIC: [8] Use of undefined constant id - assumed 'id' /app/site/blog.mcgoldfish.com/Application/Runtime/Cache/Home/8cca0fde40b05e619f4b9e6ccada96a4.php 第 87 行.
NOTIC: [8] Array to string conversion /app/site/blog.mcgoldfish.com/Application/Runtime/Cache/Home/8cca0fde40b05e619f4b9e6ccada96a4.php 第 87 行.
NOTIC: [8] Use of undefined constant id - assumed 'id' /app/site/blog.mcgoldfish.com/Application/Runtime/Cache/Home/8cca0fde40b05e619f4b9e6ccada96a4.php 第 87 行.
NOTIC: [8] Array to string conversion /app/site/blog.mcgoldfish.com/Application/Runtime/Cache/Home/8cca0fde40b05e619f4b9e6ccada96a4.php 第 87 行.
NOTIC: [8] Use of undefined constant id - assumed 'id' /app/site/blog.mcgoldfish.com/Application/Runtime/Cache/Home/8cca0fde40b05e619f4b9e6ccada96a4.php 第 87 行.
NOTIC: [8] Array to string conversion /app/site/blog.mcgoldfish.com/Application/Runtime/Cache/Home/8cca0fde40b05e619f4b9e6ccada96a4.php 第 87 行.
NOTIC: [8] Use of undefined constant id - assumed 'id' /app/site/blog.mcgoldfish.com/Application/Runtime/Cache/Home/8cca0fde40b05e619f4b9e6ccada96a4.php 第 87 行.
NOTIC: [8] Array to string conversion /app/site/blog.mcgoldfish.com/Application/Runtime/Cache/Home/8cca0fde40b05e619f4b9e6ccada96a4.php 第 87 行.
NOTIC: [8] Use of undefined constant id - assumed 'id' /app/site/blog.mcgoldfish.com/Application/Runtime/Cache/Home/8cca0fde40b05e619f4b9e6ccada96a4.php 第 87 行.
NOTIC: [8] Array to string conversion /app/site/blog.mcgoldfish.com/Application/Runtime/Cache/Home/8cca0fde40b05e619f4b9e6ccada96a4.php 第 87 行.
INFO: Run Behavior\ParseTemplateBehavior [ RunTime:0.015450s ]
INFO: [ view_parse ] --END-- [ RunTime:0.015492s ]
INFO: [ view_filter ] --START--
INFO: Run Behavior\WriteHtmlCacheBehavior [ RunTime:0.000874s ]
INFO: [ view_filter ] --END-- [ RunTime:0.000903s ]
INFO: [ app_end ] --START--
INFO: Run Behavior\ShowPageTraceBehavior [ RunTime:0.000847s ]
INFO: [ app_end ] --END-- [ RunTime:0.000879s ]

[ 2017-03-14T22:27:14+08:00 ] 192.168.33.1 /
INFO: [ app_init ] --START--
INFO: Run Behavior\BuildLiteBehavior [ RunTime:0.000014s ]
INFO: [ app_init ] --END-- [ RunTime:0.000955s ]
INFO: [ app_begin ] --START--
INFO: Run Behavior\ReadHtmlCacheBehavior [ RunTime:0.000830s ]
INFO: [ app_begin ] --END-- [ RunTime:0.000868s ]
SQL: SHOW COLUMNS FROM `article` [ RunTime:0.0004s ]
SQL: SELECT article.*,category.category_name FROM `article` LEFT JOIN category ON article.category_id = category.id   [ RunTime:0.0003s ]
SQL: SHOW COLUMNS FROM `tag` [ RunTime:0.0004s ]
SQL: SELECT * FROM `tag` ORDER BY display_order  [ RunTime:0.0002s ]
INFO: [ view_parse ] --START--
INFO: [ template_filter ] --START--
INFO: Run Behavior\ContentReplaceBehavior [ RunTime:0.000042s ]
INFO: [ template_filter ] --END-- [ RunTime:0.000085s ]
NOTIC: [8] Use of undefined constant id - assumed 'id' /app/site/blog.mcgoldfish.com/Application/Runtime/Cache/Home/8cca0fde40b05e619f4b9e6ccada96a4.php 第 87 行.
NOTIC: [8] Array to string conversion /app/site/blog.mcgoldfish.com/Application/Runtime/Cache/Home/8cca0fde40b05e619f4b9e6ccada96a4.php 第 87 行.
NOTIC: [8] Use of undefined constant id - assumed 'id' /app/site/blog.mcgoldfish.com/Application/Runtime/Cache/Home/8cca0fde40b05e619f4b9e6ccada96a4.php 第 87 行.
NOTIC: [8] Array to string conversion /app/site/blog.mcgoldfish.com/Application/Runtime/Cache/Home/8cca0fde40b05e619f4b9e6ccada96a4.php 第 87 行.
NOTIC: [8] Use of undefined constant id - assumed 'id' /app/site/blog.mcgoldfish.com/Application/Runtime/Cache/Home/8cca0fde40b05e619f4b9e6ccada96a4.php 第 87 行.
NOTIC: [8] Array to string conversion /app/site/blog.mcgoldfish.com/Application/Runtime/Cache/Home/8cca0fde40b05e619f4b9e6ccada96a4.php 第 87 行.
NOTIC: [8] Use of undefined constant id - assumed 'id' /app/site/blog.mcgoldfish.com/Application/Runtime/Cache/Home/8cca0fde40b05e619f4b9e6ccada96a4.php 第 87 行.
NOTIC: [8] Array to string conversion /app/site/blog.mcgoldfish.com/Application/Runtime/Cache/Home/8cca0fde40b05e619f4b9e6ccada96a4.php 第 87 行.
NOTIC: [8] Use of undefined constant id - assumed 'id' /app/site/blog.mcgoldfish.com/Application/Runtime/Cache/Home/8cca0fde40b05e619f4b9e6ccada96a4.php 第 87 行.
NOTIC: [8] Array to string conversion /app/site/blog.mcgoldfish.com/Application/Runtime/Cache/Home/8cca0fde40b05e619f4b9e6ccada96a4.php 第 87 行.
NOTIC: [8] Use of undefined constant id - assumed 'id' /app/site/blog.mcgoldfish.com/Application/Runtime/Cache/Home/8cca0fde40b05e619f4b9e6ccada96a4.php 第 87 行.
NOTIC: [8] Array to string conversion /app/site/blog.mcgoldfish.com/Application/Runtime/Cache/Home/8cca0fde40b05e619f4b9e6ccada96a4.php 第 87 行.
NOTIC: [8] Use of undefined constant id - assumed 'id' /app/site/blog.mcgoldfish.com/Application/Runtime/Cache/Home/8cca0fde40b05e619f4b9e6ccada96a4.php 第 87 行.
NOTIC: [8] Array to string conversion /app/site/blog.mcgoldfish.com/Application/Runtime/Cache/Home/8cca0fde40b05e619f4b9e6ccada96a4.php 第 87 行.
NOTIC: [8] Use of undefined constant id - assumed 'id' /app/site/blog.mcgoldfish.com/Application/Runtime/Cache/Home/8cca0fde40b05e619f4b9e6ccada96a4.php 第 87 行.
NOTIC: [8] Array to string conversion /app/site/blog.mcgoldfish.com/Application/Runtime/Cache/Home/8cca0fde40b05e619f4b9e6ccada96a4.php 第 87 行.
NOTIC: [8] Use of undefined constant id - assumed 'id' /app/site/blog.mcgoldfish.com/Application/Runtime/Cache/Home/8cca0fde40b05e619f4b9e6ccada96a4.php 第 87 行.
NOTIC: [8] Array to string conversion /app/site/blog.mcgoldfish.com/Application/Runtime/Cache/Home/8cca0fde40b05e619f4b9e6ccada96a4.php 第 87 行.
INFO: Run Behavior\ParseTemplateBehavior [ RunTime:0.014436s ]
INFO: [ view_parse ] --END-- [ RunTime:0.014483s ]
INFO: [ view_filter ] --START--
INFO: Run Behavior\WriteHtmlCacheBehavior [ RunTime:0.001131s ]
INFO: [ view_filter ] --END-- [ RunTime:0.001166s ]
INFO: [ app_end ] --START--
INFO: Run Behavior\ShowPageTraceBehavior [ RunTime:0.001842s ]
INFO: [ app_end ] --END-- [ RunTime:0.001892s ]

[ 2017-03-14T22:28:03+08:00 ] 192.168.33.1 /
INFO: [ app_init ] --START--
INFO: Run Behavior\BuildLiteBehavior [ RunTime:0.000014s ]
INFO: [ app_init ] --END-- [ RunTime:0.000922s ]
INFO: [ app_begin ] --START--
INFO: Run Behavior\ReadHtmlCacheBehavior [ RunTime:0.001376s ]
INFO: [ app_begin ] --END-- [ RunTime:0.001422s ]
SQL: SHOW COLUMNS FROM `article` [ RunTime:0.0004s ]
SQL: SELECT article.*,category.category_name FROM `article` LEFT JOIN category ON article.category_id = category.id   [ RunTime:0.0003s ]
SQL: SHOW COLUMNS FROM `tag` [ RunTime:0.0004s ]
SQL: SELECT * FROM `tag` ORDER BY display_order  [ RunTime:0.0002s ]
INFO: [ view_parse ] --START--
INFO: [ template_filter ] --START--
INFO: Run Behavior\ContentReplaceBehavior [ RunTime:0.000041s ]
INFO: [ template_filter ] --END-- [ RunTime:0.000081s ]
NOTIC: [8] Use of undefined constant id - assumed 'id' /app/site/blog.mcgoldfish.com/Application/Runtime/Cache/Home/8cca0fde40b05e619f4b9e6ccada96a4.php 第 87 行.
NOTIC: [8] Array to string conversion /app/site/blog.mcgoldfish.com/Application/Runtime/Cache/Home/8cca0fde40b05e619f4b9e6ccada96a4.php 第 87 行.
NOTIC: [8] Use of undefined constant id - assumed 'id' /app/site/blog.mcgoldfish.com/Application/Runtime/Cache/Home/8cca0fde40b05e619f4b9e6ccada96a4.php 第 87 行.
NOTIC: [8] Array to string conversion /app/site/blog.mcgoldfish.com/Application/Runtime/Cache/Home/8cca0fde40b05e619f4b9e6ccada96a4.php 第 87 行.
NOTIC: [8] Use of undefined constant id - assumed 'id' /app/site/blog.mcgoldfish.com/Application/Runtime/Cache/Home/8cca0fde40b05e619f4b9e6ccada96a4.php 第 87 行.
NOTIC: [8] Array to string conversion /app/site/blog.mcgoldfish.com/Application/Runtime/Cache/Home/8cca0fde40b05e619f4b9e6ccada96a4.php 第 87 行.
NOTIC: [8] Use of undefined constant id - assumed 'id' /app/site/blog.mcgoldfish.com/Application/Runtime/Cache/Home/8cca0fde40b05e619f4b9e6ccada96a4.php 第 87 行.
NOTIC: [8] Array to string conversion /app/site/blog.mcgoldfish.com/Application/Runtime/Cache/Home/8cca0fde40b05e619f4b9e6ccada96a4.php 第 87 行.
NOTIC: [8] Use of undefined constant id - assumed 'id' /app/site/blog.mcgoldfish.com/Application/Runtime/Cache/Home/8cca0fde40b05e619f4b9e6ccada96a4.php 第 87 行.
NOTIC: [8] Array to string conversion /app/site/blog.mcgoldfish.com/Application/Runtime/Cache/Home/8cca0fde40b05e619f4b9e6ccada96a4.php 第 87 行.
NOTIC: [8] Use of undefined constant id - assumed 'id' /app/site/blog.mcgoldfish.com/Application/Runtime/Cache/Home/8cca0fde40b05e619f4b9e6ccada96a4.php 第 87 行.
NOTIC: [8] Array to string conversion /app/site/blog.mcgoldfish.com/Application/Runtime/Cache/Home/8cca0fde40b05e619f4b9e6ccada96a4.php 第 87 行.
NOTIC: [8] Use of undefined constant id - assumed 'id' /app/site/blog.mcgoldfish.com/Application/Runtime/Cache/Home/8cca0fde40b05e619f4b9e6ccada96a4.php 第 87 行.
NOTIC: [8] Array to string conversion /app/site/blog.mcgoldfish.com/Application/Runtime/Cache/Home/8cca0fde40b05e619f4b9e6ccada96a4.php 第 87 行.
NOTIC: [8] Use of undefined constant id - assumed 'id' /app/site/blog.mcgoldfish.com/Application/Runtime/Cache/Home/8cca0fde40b05e619f4b9e6ccada96a4.php 第 87 行.
NOTIC: [8] Array to string conversion /app/site/blog.mcgoldfish.com/Application/Runtime/Cache/Home/8cca0fde40b05e619f4b9e6ccada96a4.php 第 87 行.
NOTIC: [8] Use of undefined constant id - assumed 'id' /app/site/blog.mcgoldfish.com/Application/Runtime/Cache/Home/8cca0fde40b05e619f4b9e6ccada96a4.php 第 87 行.
NOTIC: [8] Array to string conversion /app/site/blog.mcgoldfish.com/Application/Runtime/Cache/Home/8cca0fde40b05e619f4b9e6ccada96a4.php 第 87 行.
INFO: Run Behavior\ParseTemplateBehavior [ RunTime:0.013073s ]
INFO: [ view_parse ] --END-- [ RunTime:0.013114s ]
INFO: [ view_filter ] --START--
INFO: Run Behavior\WriteHtmlCacheBehavior [ RunTime:0.001236s ]
INFO: [ view_filter ] --END-- [ RunTime:0.001293s ]
INFO: [ app_end ] --START--
INFO: Run Behavior\ShowPageTraceBehavior [ RunTime:0.001302s ]
INFO: [ app_end ] --END-- [ RunTime:0.001359s ]

[ 2017-03-14T22:28:07+08:00 ] 192.168.33.1 /
INFO: [ app_init ] --START--
INFO: Run Behavior\BuildLiteBehavior [ RunTime:0.000013s ]
INFO: [ app_init ] --END-- [ RunTime:0.000415s ]
INFO: [ app_begin ] --START--
INFO: Run Behavior\ReadHtmlCacheBehavior [ RunTime:0.000773s ]
INFO: [ app_begin ] --END-- [ RunTime:0.000816s ]
SQL: SHOW COLUMNS FROM `article` [ RunTime:0.0004s ]
SQL: SELECT article.*,category.category_name FROM `article` LEFT JOIN category ON article.category_id = category.id   [ RunTime:0.0003s ]
SQL: SHOW COLUMNS FROM `tag` [ RunTime:0.0004s ]
SQL: SELECT * FROM `tag` ORDER BY display_order  [ RunTime:0.0003s ]
INFO: [ view_parse ] --START--
INFO: [ template_filter ] --START--
INFO: Run Behavior\ContentReplaceBehavior [ RunTime:0.000039s ]
INFO: [ template_filter ] --END-- [ RunTime:0.000080s ]
NOTIC: [8] Use of undefined constant id - assumed 'id' /app/site/blog.mcgoldfish.com/Application/Runtime/Cache/Home/8cca0fde40b05e619f4b9e6ccada96a4.php 第 87 行.
NOTIC: [8] Array to string conversion /app/site/blog.mcgoldfish.com/Application/Runtime/Cache/Home/8cca0fde40b05e619f4b9e6ccada96a4.php 第 87 行.
NOTIC: [8] Use of undefined constant id - assumed 'id' /app/site/blog.mcgoldfish.com/Application/Runtime/Cache/Home/8cca0fde40b05e619f4b9e6ccada96a4.php 第 87 行.
NOTIC: [8] Array to string conversion /app/site/blog.mcgoldfish.com/Application/Runtime/Cache/Home/8cca0fde40b05e619f4b9e6ccada96a4.php 第 87 行.
NOTIC: [8] Use of undefined constant id - assumed 'id' /app/site/blog.mcgoldfish.com/Application/Runtime/Cache/Home/8cca0fde40b05e619f4b9e6ccada96a4.php 第 87 行.
NOTIC: [8] Array to string conversion /app/site/blog.mcgoldfish.com/Application/Runtime/Cache/Home/8cca0fde40b05e619f4b9e6ccada96a4.php 第 87 行.
NOTIC: [8] Use of undefined constant id - assumed 'id' /app/site/blog.mcgoldfish.com/Application/Runtime/Cache/Home/8cca0fde40b05e619f4b9e6ccada96a4.php 第 87 行.
NOTIC: [8] Array to string conversion /app/site/blog.mcgoldfish.com/Application/Runtime/Cache/Home/8cca0fde40b05e619f4b9e6ccada96a4.php 第 87 行.
NOTIC: [8] Use of undefined constant id - assumed 'id' /app/site/blog.mcgoldfish.com/Application/Runtime/Cache/Home/8cca0fde40b05e619f4b9e6ccada96a4.php 第 87 行.
NOTIC: [8] Array to string conversion /app/site/blog.mcgoldfish.com/Application/Runtime/Cache/Home/8cca0fde40b05e619f4b9e6ccada96a4.php 第 87 行.
NOTIC: [8] Use of undefined constant id - assumed 'id' /app/site/blog.mcgoldfish.com/Application/Runtime/Cache/Home/8cca0fde40b05e619f4b9e6ccada96a4.php 第 87 行.
NOTIC: [8] Array to string conversion /app/site/blog.mcgoldfish.com/Application/Runtime/Cache/Home/8cca0fde40b05e619f4b9e6ccada96a4.php 第 87 行.
NOTIC: [8] Use of undefined constant id - assumed 'id' /app/site/blog.mcgoldfish.com/Application/Runtime/Cache/Home/8cca0fde40b05e619f4b9e6ccada96a4.php 第 87 行.
NOTIC: [8] Array to string conversion /app/site/blog.mcgoldfish.com/Application/Runtime/Cache/Home/8cca0fde40b05e619f4b9e6ccada96a4.php 第 87 行.
NOTIC: [8] Use of undefined constant id - assumed 'id' /app/site/blog.mcgoldfish.com/Application/Runtime/Cache/Home/8cca0fde40b05e619f4b9e6ccada96a4.php 第 87 行.
NOTIC: [8] Array to string conversion /app/site/blog.mcgoldfish.com/Application/Runtime/Cache/Home/8cca0fde40b05e619f4b9e6ccada96a4.php 第 87 行.
NOTIC: [8] Use of undefined constant id - assumed 'id' /app/site/blog.mcgoldfish.com/Application/Runtime/Cache/Home/8cca0fde40b05e619f4b9e6ccada96a4.php 第 87 行.
NOTIC: [8] Array to string conversion /app/site/blog.mcgoldfish.com/Application/Runtime/Cache/Home/8cca0fde40b05e619f4b9e6ccada96a4.php 第 87 行.
INFO: Run Behavior\ParseTemplateBehavior [ RunTime:0.008536s ]
INFO: [ view_parse ] --END-- [ RunTime:0.008592s ]
INFO: [ view_filter ] --START--
INFO: Run Behavior\WriteHtmlCacheBehavior [ RunTime:0.000863s ]
INFO: [ view_filter ] --END-- [ RunTime:0.000908s ]
INFO: [ app_end ] --START--
INFO: Run Behavior\ShowPageTraceBehavior [ RunTime:0.000756s ]
INFO: [ app_end ] --END-- [ RunTime:0.000799s ]

[ 2017-03-14T22:28:11+08:00 ] 192.168.33.1 /
INFO: [ app_init ] --START--
INFO: Run Behavior\BuildLiteBehavior [ RunTime:0.000012s ]
INFO: [ app_init ] --END-- [ RunTime:0.000333s ]
INFO: [ app_begin ] --START--
INFO: Run Behavior\ReadHtmlCacheBehavior [ RunTime:0.000559s ]
INFO: [ app_begin ] --END-- [ RunTime:0.000591s ]
SQL: SHOW COLUMNS FROM `article` [ RunTime:0.0003s ]
SQL: SELECT article.*,category.category_name FROM `article` LEFT JOIN category ON article.category_id = category.id   [ RunTime:0.0003s ]
SQL: SHOW COLUMNS FROM `tag` [ RunTime:0.0006s ]
SQL: SELECT * FROM `tag` ORDER BY display_order  [ RunTime:0.0007s ]
INFO: [ view_parse ] --START--
INFO: [ template_filter ] --START--
INFO: Run Behavior\ContentReplaceBehavior [ RunTime:0.000040s ]
INFO: [ template_filter ] --END-- [ RunTime:0.000080s ]
NOTIC: [8] Use of undefined constant id - assumed 'id' /app/site/blog.mcgoldfish.com/Application/Runtime/Cache/Home/8cca0fde40b05e619f4b9e6ccada96a4.php 第 87 行.
NOTIC: [8] Array to string conversion /app/site/blog.mcgoldfish.com/Application/Runtime/Cache/Home/8cca0fde40b05e619f4b9e6ccada96a4.php 第 87 行.
NOTIC: [8] Use of undefined constant id - assumed 'id' /app/site/blog.mcgoldfish.com/Application/Runtime/Cache/Home/8cca0fde40b05e619f4b9e6ccada96a4.php 第 87 行.
NOTIC: [8] Array to string conversion /app/site/blog.mcgoldfish.com/Application/Runtime/Cache/Home/8cca0fde40b05e619f4b9e6ccada96a4.php 第 87 行.
NOTIC: [8] Use of undefined constant id - assumed 'id' /app/site/blog.mcgoldfish.com/Application/Runtime/Cache/Home/8cca0fde40b05e619f4b9e6ccada96a4.php 第 87 行.
NOTIC: [8] Array to string conversion /app/site/blog.mcgoldfish.com/Application/Runtime/Cache/Home/8cca0fde40b05e619f4b9e6ccada96a4.php 第 87 行.
NOTIC: [8] Use of undefined constant id - assumed 'id' /app/site/blog.mcgoldfish.com/Application/Runtime/Cache/Home/8cca0fde40b05e619f4b9e6ccada96a4.php 第 87 行.
NOTIC: [8] Array to string conversion /app/site/blog.mcgoldfish.com/Application/Runtime/Cache/Home/8cca0fde40b05e619f4b9e6ccada96a4.php 第 87 行.
NOTIC: [8] Use of undefined constant id - assumed 'id' /app/site/blog.mcgoldfish.com/Application/Runtime/Cache/Home/8cca0fde40b05e619f4b9e6ccada96a4.php 第 87 行.
NOTIC: [8] Array to string conversion /app/site/blog.mcgoldfish.com/Application/Runtime/Cache/Home/8cca0fde40b05e619f4b9e6ccada96a4.php 第 87 行.
NOTIC: [8] Use of undefined constant id - assumed 'id' /app/site/blog.mcgoldfish.com/Application/Runtime/Cache/Home/8cca0fde40b05e619f4b9e6ccada96a4.php 第 87 行.
NOTIC: [8] Array to string conversion /app/site/blog.mcgoldfish.com/Application/Runtime/Cache/Home/8cca0fde40b05e619f4b9e6ccada96a4.php 第 87 行.
NOTIC: [8] Use of undefined constant id - assumed 'id' /app/site/blog.mcgoldfish.com/Application/Runtime/Cache/Home/8cca0fde40b05e619f4b9e6ccada96a4.php 第 87 行.
NOTIC: [8] Array to string conversion /app/site/blog.mcgoldfish.com/Application/Runtime/Cache/Home/8cca0fde40b05e619f4b9e6ccada96a4.php 第 87 行.
NOTIC: [8] Use of undefined constant id - assumed 'id' /app/site/blog.mcgoldfish.com/Application/Runtime/Cache/Home/8cca0fde40b05e619f4b9e6ccada96a4.php 第 87 行.
NOTIC: [8] Array to string conversion /app/site/blog.mcgoldfish.com/Application/Runtime/Cache/Home/8cca0fde40b05e619f4b9e6ccada96a4.php 第 87 行.
NOTIC: [8] Use of undefined constant id - assumed 'id' /app/site/blog.mcgoldfish.com/Application/Runtime/Cache/Home/8cca0fde40b05e619f4b9e6ccada96a4.php 第 87 行.
NOTIC: [8] Array to string conversion /app/site/blog.mcgoldfish.com/Application/Runtime/Cache/Home/8cca0fde40b05e619f4b9e6ccada96a4.php 第 87 行.
INFO: Run Behavior\ParseTemplateBehavior [ RunTime:0.009352s ]
INFO: [ view_parse ] --END-- [ RunTime:0.009407s ]
INFO: [ view_filter ] --START--
INFO: Run Behavior\WriteHtmlCacheBehavior [ RunTime:0.000832s ]
INFO: [ view_filter ] --END-- [ RunTime:0.000870s ]
INFO: [ app_end ] --START--
INFO: Run Behavior\ShowPageTraceBehavior [ RunTime:0.000913s ]
INFO: [ app_end ] --END-- [ RunTime:0.000958s ]

[ 2017-03-14T22:28:12+08:00 ] 192.168.33.1 /
INFO: [ app_init ] --START--
INFO: Run Behavior\BuildLiteBehavior [ RunTime:0.000137s ]
INFO: [ app_init ] --END-- [ RunTime:0.000866s ]
INFO: [ app_begin ] --START--
INFO: Run Behavior\ReadHtmlCacheBehavior [ RunTime:0.000660s ]
INFO: [ app_begin ] --END-- [ RunTime:0.000701s ]
SQL: SHOW COLUMNS FROM `article` [ RunTime:0.0004s ]
SQL: SELECT article.*,category.category_name FROM `article` LEFT JOIN category ON article.category_id = category.id   [ RunTime:0.0003s ]
SQL: SHOW COLUMNS FROM `tag` [ RunTime:0.0003s ]
SQL: SELECT * FROM `tag` ORDER BY display_order  [ RunTime:0.0002s ]
INFO: [ view_parse ] --START--
INFO: [ template_filter ] --START--
INFO: Run Behavior\ContentReplaceBehavior [ RunTime:0.000043s ]
INFO: [ template_filter ] --END-- [ RunTime:0.000091s ]
NOTIC: [8] Use of undefined constant id - assumed 'id' /app/site/blog.mcgoldfish.com/Application/Runtime/Cache/Home/8cca0fde40b05e619f4b9e6ccada96a4.php 第 87 行.
NOTIC: [8] Array to string conversion /app/site/blog.mcgoldfish.com/Application/Runtime/Cache/Home/8cca0fde40b05e619f4b9e6ccada96a4.php 第 87 行.
NOTIC: [8] Use of undefined constant id - assumed 'id' /app/site/blog.mcgoldfish.com/Application/Runtime/Cache/Home/8cca0fde40b05e619f4b9e6ccada96a4.php 第 87 行.
NOTIC: [8] Array to string conversion /app/site/blog.mcgoldfish.com/Application/Runtime/Cache/Home/8cca0fde40b05e619f4b9e6ccada96a4.php 第 87 行.
NOTIC: [8] Use of undefined constant id - assumed 'id' /app/site/blog.mcgoldfish.com/Application/Runtime/Cache/Home/8cca0fde40b05e619f4b9e6ccada96a4.php 第 87 行.
NOTIC: [8] Array to string conversion /app/site/blog.mcgoldfish.com/Application/Runtime/Cache/Home/8cca0fde40b05e619f4b9e6ccada96a4.php 第 87 行.
NOTIC: [8] Use of undefined constant id - assumed 'id' /app/site/blog.mcgoldfish.com/Application/Runtime/Cache/Home/8cca0fde40b05e619f4b9e6ccada96a4.php 第 87 行.
NOTIC: [8] Array to string conversion /app/site/blog.mcgoldfish.com/Application/Runtime/Cache/Home/8cca0fde40b05e619f4b9e6ccada96a4.php 第 87 行.
NOTIC: [8] Use of undefined constant id - assumed 'id' /app/site/blog.mcgoldfish.com/Application/Runtime/Cache/Home/8cca0fde40b05e619f4b9e6ccada96a4.php 第 87 行.
NOTIC: [8] Array to string conversion /app/site/blog.mcgoldfish.com/Application/Runtime/Cache/Home/8cca0fde40b05e619f4b9e6ccada96a4.php 第 87 行.
NOTIC: [8] Use of undefined constant id - assumed 'id' /app/site/blog.mcgoldfish.com/Application/Runtime/Cache/Home/8cca0fde40b05e619f4b9e6ccada96a4.php 第 87 行.
NOTIC: [8] Array to string conversion /app/site/blog.mcgoldfish.com/Application/Runtime/Cache/Home/8cca0fde40b05e619f4b9e6ccada96a4.php 第 87 行.
NOTIC: [8] Use of undefined constant id - assumed 'id' /app/site/blog.mcgoldfish.com/Application/Runtime/Cache/Home/8cca0fde40b05e619f4b9e6ccada96a4.php 第 87 行.
NOTIC: [8] Array to string conversion /app/site/blog.mcgoldfish.com/Application/Runtime/Cache/Home/8cca0fde40b05e619f4b9e6ccada96a4.php 第 87 行.
NOTIC: [8] Use of undefined constant id - assumed 'id' /app/site/blog.mcgoldfish.com/Application/Runtime/Cache/Home/8cca0fde40b05e619f4b9e6ccada96a4.php 第 87 行.
NOTIC: [8] Array to string conversion /app/site/blog.mcgoldfish.com/Application/Runtime/Cache/Home/8cca0fde40b05e619f4b9e6ccada96a4.php 第 87 行.
NOTIC: [8] Use of undefined constant id - assumed 'id' /app/site/blog.mcgoldfish.com/Application/Runtime/Cache/Home/8cca0fde40b05e619f4b9e6ccada96a4.php 第 87 行.
NOTIC: [8] Array to string conversion /app/site/blog.mcgoldfish.com/Application/Runtime/Cache/Home/8cca0fde40b05e619f4b9e6ccada96a4.php 第 87 行.
INFO: Run Behavior\ParseTemplateBehavior [ RunTime:0.010335s ]
INFO: [ view_parse ] --END-- [ RunTime:0.010373s ]
INFO: [ view_filter ] --START--
INFO: Run Behavior\WriteHtmlCacheBehavior [ RunTime:0.000614s ]
INFO: [ view_filter ] --END-- [ RunTime:0.000644s ]
INFO: [ app_end ] --START--
INFO: Run Behavior\ShowPageTraceBehavior [ RunTime:0.000579s ]
INFO: [ app_end ] --END-- [ RunTime:0.000612s ]

[ 2017-03-14T22:28:14+08:00 ] 192.168.33.1 /
INFO: [ app_init ] --START--
INFO: Run Behavior\BuildLiteBehavior [ RunTime:0.000025s ]
INFO: [ app_init ] --END-- [ RunTime:0.000728s ]
INFO: [ app_begin ] --START--
INFO: Run Behavior\ReadHtmlCacheBehavior [ RunTime:0.000701s ]
INFO: [ app_begin ] --END-- [ RunTime:0.000744s ]
SQL: SHOW COLUMNS FROM `article` [ RunTime:0.0003s ]
SQL: SELECT article.*,category.category_name FROM `article` LEFT JOIN category ON article.category_id = category.id   [ RunTime:0.0003s ]
SQL: SHOW COLUMNS FROM `tag` [ RunTime:0.0003s ]
SQL: SELECT * FROM `tag` ORDER BY display_order  [ RunTime:0.0002s ]
INFO: [ view_parse ] --START--
INFO: [ template_filter ] --START--
INFO: Run Behavior\ContentReplaceBehavior [ RunTime:0.000039s ]
INFO: [ template_filter ] --END-- [ RunTime:0.000081s ]
NOTIC: [8] Use of undefined constant id - assumed 'id' /app/site/blog.mcgoldfish.com/Application/Runtime/Cache/Home/8cca0fde40b05e619f4b9e6ccada96a4.php 第 87 行.
NOTIC: [8] Array to string conversion /app/site/blog.mcgoldfish.com/Application/Runtime/Cache/Home/8cca0fde40b05e619f4b9e6ccada96a4.php 第 87 行.
NOTIC: [8] Use of undefined constant id - assumed 'id' /app/site/blog.mcgoldfish.com/Application/Runtime/Cache/Home/8cca0fde40b05e619f4b9e6ccada96a4.php 第 87 行.
NOTIC: [8] Array to string conversion /app/site/blog.mcgoldfish.com/Application/Runtime/Cache/Home/8cca0fde40b05e619f4b9e6ccada96a4.php 第 87 行.
NOTIC: [8] Use of undefined constant id - assumed 'id' /app/site/blog.mcgoldfish.com/Application/Runtime/Cache/Home/8cca0fde40b05e619f4b9e6ccada96a4.php 第 87 行.
NOTIC: [8] Array to string conversion /app/site/blog.mcgoldfish.com/Application/Runtime/Cache/Home/8cca0fde40b05e619f4b9e6ccada96a4.php 第 87 行.
NOTIC: [8] Use of undefined constant id - assumed 'id' /app/site/blog.mcgoldfish.com/Application/Runtime/Cache/Home/8cca0fde40b05e619f4b9e6ccada96a4.php 第 87 行.
NOTIC: [8] Array to string conversion /app/site/blog.mcgoldfish.com/Application/Runtime/Cache/Home/8cca0fde40b05e619f4b9e6ccada96a4.php 第 87 行.
NOTIC: [8] Use of undefined constant id - assumed 'id' /app/site/blog.mcgoldfish.com/Application/Runtime/Cache/Home/8cca0fde40b05e619f4b9e6ccada96a4.php 第 87 行.
NOTIC: [8] Array to string conversion /app/site/blog.mcgoldfish.com/Application/Runtime/Cache/Home/8cca0fde40b05e619f4b9e6ccada96a4.php 第 87 行.
NOTIC: [8] Use of undefined constant id - assumed 'id' /app/site/blog.mcgoldfish.com/Application/Runtime/Cache/Home/8cca0fde40b05e619f4b9e6ccada96a4.php 第 87 行.
NOTIC: [8] Array to string conversion /app/site/blog.mcgoldfish.com/Application/Runtime/Cache/Home/8cca0fde40b05e619f4b9e6ccada96a4.php 第 87 行.
NOTIC: [8] Use of undefined constant id - assumed 'id' /app/site/blog.mcgoldfish.com/Application/Runtime/Cache/Home/8cca0fde40b05e619f4b9e6ccada96a4.php 第 87 行.
NOTIC: [8] Array to string conversion /app/site/blog.mcgoldfish.com/Application/Runtime/Cache/Home/8cca0fde40b05e619f4b9e6ccada96a4.php 第 87 行.
NOTIC: [8] Use of undefined constant id - assumed 'id' /app/site/blog.mcgoldfish.com/Application/Runtime/Cache/Home/8cca0fde40b05e619f4b9e6ccada96a4.php 第 87 行.
NOTIC: [8] Array to string conversion /app/site/blog.mcgoldfish.com/Application/Runtime/Cache/Home/8cca0fde40b05e619f4b9e6ccada96a4.php 第 87 行.
NOTIC: [8] Use of undefined constant id - assumed 'id' /app/site/blog.mcgoldfish.com/Application/Runtime/Cache/Home/8cca0fde40b05e619f4b9e6ccada96a4.php 第 87 行.
NOTIC: [8] Array to string conversion /app/site/blog.mcgoldfish.com/Application/Runtime/Cache/Home/8cca0fde40b05e619f4b9e6ccada96a4.php 第 87 行.
INFO: Run Behavior\ParseTemplateBehavior [ RunTime:0.015695s ]
INFO: [ view_parse ] --END-- [ RunTime:0.015778s ]
INFO: [ view_filter ] --START--
INFO: Run Behavior\WriteHtmlCacheBehavior [ RunTime:0.001421s ]
INFO: [ view_filter ] --END-- [ RunTime:0.001548s ]
INFO: [ app_end ] --START--
INFO: Run Behavior\ShowPageTraceBehavior [ RunTime:0.001216s ]
INFO: [ app_end ] --END-- [ RunTime:0.001322s ]

[ 2017-03-14T22:28:36+08:00 ] 192.168.33.1 /
INFO: [ app_init ] --START--
INFO: Run Behavior\BuildLiteBehavior [ RunTime:0.000016s ]
INFO: [ app_init ] --END-- [ RunTime:0.000882s ]
INFO: [ app_begin ] --START--
INFO: Run Behavior\ReadHtmlCacheBehavior [ RunTime:0.000857s ]
INFO: [ app_begin ] --END-- [ RunTime:0.000904s ]
SQL: SHOW COLUMNS FROM `article` [ RunTime:0.0003s ]
SQL: SELECT article.*,category.category_name FROM `article` LEFT JOIN category ON article.category_id = category.id   [ RunTime:0.0003s ]
SQL: SHOW COLUMNS FROM `tag` [ RunTime:0.0003s ]
SQL: SELECT * FROM `tag` ORDER BY display_order  [ RunTime:0.0002s ]
INFO: [ view_parse ] --START--
INFO: [ template_filter ] --START--
INFO: Run Behavior\ContentReplaceBehavior [ RunTime:0.000038s ]
INFO: [ template_filter ] --END-- [ RunTime:0.000075s ]
NOTIC: [8] Use of undefined constant id - assumed 'id' /app/site/blog.mcgoldfish.com/Application/Runtime/Cache/Home/8cca0fde40b05e619f4b9e6ccada96a4.php 第 87 行.
NOTIC: [8] Array to string conversion /app/site/blog.mcgoldfish.com/Application/Runtime/Cache/Home/8cca0fde40b05e619f4b9e6ccada96a4.php 第 87 行.
NOTIC: [8] Use of undefined constant id - assumed 'id' /app/site/blog.mcgoldfish.com/Application/Runtime/Cache/Home/8cca0fde40b05e619f4b9e6ccada96a4.php 第 87 行.
NOTIC: [8] Array to string conversion /app/site/blog.mcgoldfish.com/Application/Runtime/Cache/Home/8cca0fde40b05e619f4b9e6ccada96a4.php 第 87 行.
NOTIC: [8] Use of undefined constant id - assumed 'id' /app/site/blog.mcgoldfish.com/Application/Runtime/Cache/Home/8cca0fde40b05e619f4b9e6ccada96a4.php 第 87 行.
NOTIC: [8] Array to string conversion /app/site/blog.mcgoldfish.com/Application/Runtime/Cache/Home/8cca0fde40b05e619f4b9e6ccada96a4.php 第 87 行.
NOTIC: [8] Use of undefined constant id - assumed 'id' /app/site/blog.mcgoldfish.com/Application/Runtime/Cache/Home/8cca0fde40b05e619f4b9e6ccada96a4.php 第 87 行.
NOTIC: [8] Array to string conversion /app/site/blog.mcgoldfish.com/Application/Runtime/Cache/Home/8cca0fde40b05e619f4b9e6ccada96a4.php 第 87 行.
NOTIC: [8] Use of undefined constant id - assumed 'id' /app/site/blog.mcgoldfish.com/Application/Runtime/Cache/Home/8cca0fde40b05e619f4b9e6ccada96a4.php 第 87 行.
NOTIC: [8] Array to string conversion /app/site/blog.mcgoldfish.com/Application/Runtime/Cache/Home/8cca0fde40b05e619f4b9e6ccada96a4.php 第 87 行.
NOTIC: [8] Use of undefined constant id - assumed 'id' /app/site/blog.mcgoldfish.com/Application/Runtime/Cache/Home/8cca0fde40b05e619f4b9e6ccada96a4.php 第 87 行.
NOTIC: [8] Array to string conversion /app/site/blog.mcgoldfish.com/Application/Runtime/Cache/Home/8cca0fde40b05e619f4b9e6ccada96a4.php 第 87 行.
NOTIC: [8] Use of undefined constant id - assumed 'id' /app/site/blog.mcgoldfish.com/Application/Runtime/Cache/Home/8cca0fde40b05e619f4b9e6ccada96a4.php 第 87 行.
NOTIC: [8] Array to string conversion /app/site/blog.mcgoldfish.com/Application/Runtime/Cache/Home/8cca0fde40b05e619f4b9e6ccada96a4.php 第 87 行.
NOTIC: [8] Use of undefined constant id - assumed 'id' /app/site/blog.mcgoldfish.com/Application/Runtime/Cache/Home/8cca0fde40b05e619f4b9e6ccada96a4.php 第 87 行.
NOTIC: [8] Array to string conversion /app/site/blog.mcgoldfish.com/Application/Runtime/Cache/Home/8cca0fde40b05e619f4b9e6ccada96a4.php 第 87 行.
NOTIC: [8] Use of undefined constant id - assumed 'id' /app/site/blog.mcgoldfish.com/Application/Runtime/Cache/Home/8cca0fde40b05e619f4b9e6ccada96a4.php 第 87 行.
NOTIC: [8] Array to string conversion /app/site/blog.mcgoldfish.com/Application/Runtime/Cache/Home/8cca0fde40b05e619f4b9e6ccada96a4.php 第 87 行.
INFO: Run Behavior\ParseTemplateBehavior [ RunTime:0.012159s ]
INFO: [ view_parse ] --END-- [ RunTime:0.012200s ]
INFO: [ view_filter ] --START--
INFO: Run Behavior\WriteHtmlCacheBehavior [ RunTime:0.001151s ]
INFO: [ view_filter ] --END-- [ RunTime:0.001187s ]
INFO: [ app_end ] --START--
INFO: Run Behavior\ShowPageTraceBehavior [ RunTime:0.000856s ]
INFO: [ app_end ] --END-- [ RunTime:0.000889s ]

[ 2017-03-14T22:28:43+08:00 ] 192.168.33.1 /
INFO: [ app_init ] --START--
INFO: Run Behavior\BuildLiteBehavior [ RunTime:0.000020s ]
INFO: [ app_init ] --END-- [ RunTime:0.002109s ]
INFO: [ app_begin ] --START--
INFO: Run Behavior\ReadHtmlCacheBehavior [ RunTime:0.000947s ]
INFO: [ app_begin ] --END-- [ RunTime:0.001004s ]
SQL: SHOW COLUMNS FROM `article` [ RunTime:0.0015s ]
SQL: SELECT article.*,category.category_name FROM `article` LEFT JOIN category ON article.category_id = category.id   [ RunTime:0.0006s ]
SQL: SHOW COLUMNS FROM `tag` [ RunTime:0.0005s ]
SQL: SELECT * FROM `tag` ORDER BY display_order  [ RunTime:0.0002s ]
INFO: [ view_parse ] --START--
INFO: [ template_filter ] --START--
INFO: Run Behavior\ContentReplaceBehavior [ RunTime:0.000042s ]
INFO: [ template_filter ] --END-- [ RunTime:0.000088s ]
NOTIC: [8] Use of undefined constant id - assumed 'id' /app/site/blog.mcgoldfish.com/Application/Runtime/Cache/Home/8cca0fde40b05e619f4b9e6ccada96a4.php 第 87 行.
NOTIC: [8] Array to string conversion /app/site/blog.mcgoldfish.com/Application/Runtime/Cache/Home/8cca0fde40b05e619f4b9e6ccada96a4.php 第 87 行.
NOTIC: [8] Use of undefined constant id - assumed 'id' /app/site/blog.mcgoldfish.com/Application/Runtime/Cache/Home/8cca0fde40b05e619f4b9e6ccada96a4.php 第 87 行.
NOTIC: [8] Array to string conversion /app/site/blog.mcgoldfish.com/Application/Runtime/Cache/Home/8cca0fde40b05e619f4b9e6ccada96a4.php 第 87 行.
NOTIC: [8] Use of undefined constant id - assumed 'id' /app/site/blog.mcgoldfish.com/Application/Runtime/Cache/Home/8cca0fde40b05e619f4b9e6ccada96a4.php 第 87 行.
NOTIC: [8] Array to string conversion /app/site/blog.mcgoldfish.com/Application/Runtime/Cache/Home/8cca0fde40b05e619f4b9e6ccada96a4.php 第 87 行.
NOTIC: [8] Use of undefined constant id - assumed 'id' /app/site/blog.mcgoldfish.com/Application/Runtime/Cache/Home/8cca0fde40b05e619f4b9e6ccada96a4.php 第 87 行.
NOTIC: [8] Array to string conversion /app/site/blog.mcgoldfish.com/Application/Runtime/Cache/Home/8cca0fde40b05e619f4b9e6ccada96a4.php 第 87 行.
NOTIC: [8] Use of undefined constant id - assumed 'id' /app/site/blog.mcgoldfish.com/Application/Runtime/Cache/Home/8cca0fde40b05e619f4b9e6ccada96a4.php 第 87 行.
NOTIC: [8] Array to string conversion /app/site/blog.mcgoldfish.com/Application/Runtime/Cache/Home/8cca0fde40b05e619f4b9e6ccada96a4.php 第 87 行.
NOTIC: [8] Use of undefined constant id - assumed 'id' /app/site/blog.mcgoldfish.com/Application/Runtime/Cache/Home/8cca0fde40b05e619f4b9e6ccada96a4.php 第 87 行.
NOTIC: [8] Array to string conversion /app/site/blog.mcgoldfish.com/Application/Runtime/Cache/Home/8cca0fde40b05e619f4b9e6ccada96a4.php 第 87 行.
NOTIC: [8] Use of undefined constant id - assumed 'id' /app/site/blog.mcgoldfish.com/Application/Runtime/Cache/Home/8cca0fde40b05e619f4b9e6ccada96a4.php 第 87 行.
NOTIC: [8] Array to string conversion /app/site/blog.mcgoldfish.com/Application/Runtime/Cache/Home/8cca0fde40b05e619f4b9e6ccada96a4.php 第 87 行.
NOTIC: [8] Use of undefined constant id - assumed 'id' /app/site/blog.mcgoldfish.com/Application/Runtime/Cache/Home/8cca0fde40b05e619f4b9e6ccada96a4.php 第 87 行.
NOTIC: [8] Array to string conversion /app/site/blog.mcgoldfish.com/Application/Runtime/Cache/Home/8cca0fde40b05e619f4b9e6ccada96a4.php 第 87 行.
NOTIC: [8] Use of undefined constant id - assumed 'id' /app/site/blog.mcgoldfish.com/Application/Runtime/Cache/Home/8cca0fde40b05e619f4b9e6ccada96a4.php 第 87 行.
NOTIC: [8] Array to string conversion /app/site/blog.mcgoldfish.com/Application/Runtime/Cache/Home/8cca0fde40b05e619f4b9e6ccada96a4.php 第 87 行.
INFO: Run Behavior\ParseTemplateBehavior [ RunTime:0.011202s ]
INFO: [ view_parse ] --END-- [ RunTime:0.011262s ]
INFO: [ view_filter ] --START--
INFO: Run Behavior\WriteHtmlCacheBehavior [ RunTime:0.001243s ]
INFO: [ view_filter ] --END-- [ RunTime:0.001298s ]
INFO: [ app_end ] --START--
INFO: Run Behavior\ShowPageTraceBehavior [ RunTime:0.000690s ]
INFO: [ app_end ] --END-- [ RunTime:0.000734s ]

[ 2017-03-14T22:29:23+08:00 ] 192.168.33.1 /
INFO: [ app_init ] --START--
INFO: Run Behavior\BuildLiteBehavior [ RunTime:0.000013s ]
INFO: [ app_init ] --END-- [ RunTime:0.000666s ]
INFO: [ app_begin ] --START--
INFO: Run Behavior\ReadHtmlCacheBehavior [ RunTime:0.000848s ]
INFO: [ app_begin ] --END-- [ RunTime:0.000897s ]
SQL: SHOW COLUMNS FROM `article` [ RunTime:0.0003s ]
SQL: SELECT article.*,category.category_name FROM `article` LEFT JOIN category ON article.category_id = category.id   [ RunTime:0.0003s ]
SQL: SHOW COLUMNS FROM `tag` [ RunTime:0.0003s ]
SQL: SELECT * FROM `tag` ORDER BY display_order  [ RunTime:0.0002s ]
INFO: [ view_parse ] --START--
INFO: [ template_filter ] --START--
INFO: Run Behavior\ContentReplaceBehavior [ RunTime:0.000145s ]
INFO: [ template_filter ] --END-- [ RunTime:0.000212s ]
NOTIC: [8] Use of undefined constant id - assumed 'id' /app/site/blog.mcgoldfish.com/Application/Runtime/Cache/Home/8cca0fde40b05e619f4b9e6ccada96a4.php 第 87 行.
NOTIC: [8] Array to string conversion /app/site/blog.mcgoldfish.com/Application/Runtime/Cache/Home/8cca0fde40b05e619f4b9e6ccada96a4.php 第 87 行.
NOTIC: [8] Use of undefined constant id - assumed 'id' /app/site/blog.mcgoldfish.com/Application/Runtime/Cache/Home/8cca0fde40b05e619f4b9e6ccada96a4.php 第 87 行.
NOTIC: [8] Array to string conversion /app/site/blog.mcgoldfish.com/Application/Runtime/Cache/Home/8cca0fde40b05e619f4b9e6ccada96a4.php 第 87 行.
NOTIC: [8] Use of undefined constant id - assumed 'id' /app/site/blog.mcgoldfish.com/Application/Runtime/Cache/Home/8cca0fde40b05e619f4b9e6ccada96a4.php 第 87 行.
NOTIC: [8] Array to string conversion /app/site/blog.mcgoldfish.com/Application/Runtime/Cache/Home/8cca0fde40b05e619f4b9e6ccada96a4.php 第 87 行.
NOTIC: [8] Use of undefined constant id - assumed 'id' /app/site/blog.mcgoldfish.com/Application/Runtime/Cache/Home/8cca0fde40b05e619f4b9e6ccada96a4.php 第 87 行.
NOTIC: [8] Array to string conversion /app/site/blog.mcgoldfish.com/Application/Runtime/Cache/Home/8cca0fde40b05e619f4b9e6ccada96a4.php 第 87 行.
NOTIC: [8] Use of undefined constant id - assumed 'id' /app/site/blog.mcgoldfish.com/Application/Runtime/Cache/Home/8cca0fde40b05e619f4b9e6ccada96a4.php 第 87 行.
NOTIC: [8] Array to string conversion /app/site/blog.mcgoldfish.com/Application/Runtime/Cache/Home/8cca0fde40b05e619f4b9e6ccada96a4.php 第 87 行.
NOTIC: [8] Use of undefined constant id - assumed 'id' /app/site/blog.mcgoldfish.com/Application/Runtime/Cache/Home/8cca0fde40b05e619f4b9e6ccada96a4.php 第 87 行.
NOTIC: [8] Array to string conversion /app/site/blog.mcgoldfish.com/Application/Runtime/Cache/Home/8cca0fde40b05e619f4b9e6ccada96a4.php 第 87 行.
NOTIC: [8] Use of undefined constant id - assumed 'id' /app/site/blog.mcgoldfish.com/Application/Runtime/Cache/Home/8cca0fde40b05e619f4b9e6ccada96a4.php 第 87 行.
NOTIC: [8] Array to string conversion /app/site/blog.mcgoldfish.com/Application/Runtime/Cache/Home/8cca0fde40b05e619f4b9e6ccada96a4.php 第 87 行.
NOTIC: [8] Use of undefined constant id - assumed 'id' /app/site/blog.mcgoldfish.com/Application/Runtime/Cache/Home/8cca0fde40b05e619f4b9e6ccada96a4.php 第 87 行.
NOTIC: [8] Array to string conversion /app/site/blog.mcgoldfish.com/Application/Runtime/Cache/Home/8cca0fde40b05e619f4b9e6ccada96a4.php 第 87 行.
NOTIC: [8] Use of undefined constant id - assumed 'id' /app/site/blog.mcgoldfish.com/Application/Runtime/Cache/Home/8cca0fde40b05e619f4b9e6ccada96a4.php 第 87 行.
NOTIC: [8] Array to string conversion /app/site/blog.mcgoldfish.com/Application/Runtime/Cache/Home/8cca0fde40b05e619f4b9e6ccada96a4.php 第 87 行.
INFO: Run Behavior\ParseTemplateBehavior [ RunTime:0.014181s ]
INFO: [ view_parse ] --END-- [ RunTime:0.014222s ]
INFO: [ view_filter ] --START--
INFO: Run Behavior\WriteHtmlCacheBehavior [ RunTime:0.001110s ]
INFO: [ view_filter ] --END-- [ RunTime:0.001148s ]
INFO: [ app_end ] --START--
INFO: Run Behavior\ShowPageTraceBehavior [ RunTime:0.001206s ]
INFO: [ app_end ] --END-- [ RunTime:0.001253s ]

[ 2017-03-14T22:29:26+08:00 ] 192.168.33.1 /
INFO: [ app_init ] --START--
INFO: Run Behavior\BuildLiteBehavior [ RunTime:0.000013s ]
INFO: [ app_init ] --END-- [ RunTime:0.000341s ]
INFO: [ app_begin ] --START--
INFO: Run Behavior\ReadHtmlCacheBehavior [ RunTime:0.000863s ]
INFO: [ app_begin ] --END-- [ RunTime:0.000908s ]
SQL: SHOW COLUMNS FROM `article` [ RunTime:0.0003s ]
SQL: SELECT article.*,category.category_name FROM `article` LEFT JOIN category ON article.category_id = category.id   [ RunTime:0.0003s ]
SQL: SHOW COLUMNS FROM `tag` [ RunTime:0.0004s ]
SQL: SELECT * FROM `tag` ORDER BY display_order  [ RunTime:0.0002s ]
INFO: [ view_parse ] --START--
INFO: [ template_filter ] --START--
INFO: Run Behavior\ContentReplaceBehavior [ RunTime:0.000042s ]
INFO: [ template_filter ] --END-- [ RunTime:0.000083s ]
NOTIC: [8] Use of undefined constant id - assumed 'id' /app/site/blog.mcgoldfish.com/Application/Runtime/Cache/Home/8cca0fde40b05e619f4b9e6ccada96a4.php 第 87 行.
NOTIC: [8] Array to string conversion /app/site/blog.mcgoldfish.com/Application/Runtime/Cache/Home/8cca0fde40b05e619f4b9e6ccada96a4.php 第 87 行.
NOTIC: [8] Use of undefined constant id - assumed 'id' /app/site/blog.mcgoldfish.com/Application/Runtime/Cache/Home/8cca0fde40b05e619f4b9e6ccada96a4.php 第 87 行.
NOTIC: [8] Array to string conversion /app/site/blog.mcgoldfish.com/Application/Runtime/Cache/Home/8cca0fde40b05e619f4b9e6ccada96a4.php 第 87 行.
NOTIC: [8] Use of undefined constant id - assumed 'id' /app/site/blog.mcgoldfish.com/Application/Runtime/Cache/Home/8cca0fde40b05e619f4b9e6ccada96a4.php 第 87 行.
NOTIC: [8] Array to string conversion /app/site/blog.mcgoldfish.com/Application/Runtime/Cache/Home/8cca0fde40b05e619f4b9e6ccada96a4.php 第 87 行.
NOTIC: [8] Use of undefined constant id - assumed 'id' /app/site/blog.mcgoldfish.com/Application/Runtime/Cache/Home/8cca0fde40b05e619f4b9e6ccada96a4.php 第 87 行.
NOTIC: [8] Array to string conversion /app/site/blog.mcgoldfish.com/Application/Runtime/Cache/Home/8cca0fde40b05e619f4b9e6ccada96a4.php 第 87 行.
NOTIC: [8] Use of undefined constant id - assumed 'id' /app/site/blog.mcgoldfish.com/Application/Runtime/Cache/Home/8cca0fde40b05e619f4b9e6ccada96a4.php 第 87 行.
NOTIC: [8] Array to string conversion /app/site/blog.mcgoldfish.com/Application/Runtime/Cache/Home/8cca0fde40b05e619f4b9e6ccada96a4.php 第 87 行.
NOTIC: [8] Use of undefined constant id - assumed 'id' /app/site/blog.mcgoldfish.com/Application/Runtime/Cache/Home/8cca0fde40b05e619f4b9e6ccada96a4.php 第 87 行.
NOTIC: [8] Array to string conversion /app/site/blog.mcgoldfish.com/Application/Runtime/Cache/Home/8cca0fde40b05e619f4b9e6ccada96a4.php 第 87 行.
NOTIC: [8] Use of undefined constant id - assumed 'id' /app/site/blog.mcgoldfish.com/Application/Runtime/Cache/Home/8cca0fde40b05e619f4b9e6ccada96a4.php 第 87 行.
NOTIC: [8] Array to string conversion /app/site/blog.mcgoldfish.com/Application/Runtime/Cache/Home/8cca0fde40b05e619f4b9e6ccada96a4.php 第 87 行.
NOTIC: [8] Use of undefined constant id - assumed 'id' /app/site/blog.mcgoldfish.com/Application/Runtime/Cache/Home/8cca0fde40b05e619f4b9e6ccada96a4.php 第 87 行.
NOTIC: [8] Array to string conversion /app/site/blog.mcgoldfish.com/Application/Runtime/Cache/Home/8cca0fde40b05e619f4b9e6ccada96a4.php 第 87 行.
NOTIC: [8] Use of undefined constant id - assumed 'id' /app/site/blog.mcgoldfish.com/Application/Runtime/Cache/Home/8cca0fde40b05e619f4b9e6ccada96a4.php 第 87 行.
NOTIC: [8] Array to string conversion /app/site/blog.mcgoldfish.com/Application/Runtime/Cache/Home/8cca0fde40b05e619f4b9e6ccada96a4.php 第 87 行.
INFO: Run Behavior\ParseTemplateBehavior [ RunTime:0.008708s ]
INFO: [ view_parse ] --END-- [ RunTime:0.008753s ]
INFO: [ view_filter ] --START--
INFO: Run Behavior\WriteHtmlCacheBehavior [ RunTime:0.000675s ]
INFO: [ view_filter ] --END-- [ RunTime:0.000712s ]
INFO: [ app_end ] --START--
INFO: Run Behavior\ShowPageTraceBehavior [ RunTime:0.000578s ]
INFO: [ app_end ] --END-- [ RunTime:0.000610s ]

[ 2017-03-14T22:29:52+08:00 ] 192.168.33.1 /
INFO: [ app_init ] --START--
INFO: Run Behavior\BuildLiteBehavior [ RunTime:0.000013s ]
INFO: [ app_init ] --END-- [ RunTime:0.001043s ]
INFO: [ app_begin ] --START--
INFO: Run Behavior\ReadHtmlCacheBehavior [ RunTime:0.000849s ]
INFO: [ app_begin ] --END-- [ RunTime:0.000895s ]
SQL: SHOW COLUMNS FROM `article` [ RunTime:0.0008s ]
SQL: SELECT article.*,category.category_name FROM `article` LEFT JOIN category ON article.category_id = category.id   [ RunTime:0.0003s ]
SQL: SHOW COLUMNS FROM `tag` [ RunTime:0.0005s ]
SQL: SELECT * FROM `tag` ORDER BY display_order  [ RunTime:0.0002s ]
INFO: [ view_parse ] --START--
INFO: [ template_filter ] --START--
INFO: Run Behavior\ContentReplaceBehavior [ RunTime:0.000042s ]
INFO: [ template_filter ] --END-- [ RunTime:0.000081s ]
NOTIC: [8] Use of undefined constant id - assumed 'id' /app/site/blog.mcgoldfish.com/Application/Runtime/Cache/Home/8cca0fde40b05e619f4b9e6ccada96a4.php 第 87 行.
NOTIC: [8] Array to string conversion /app/site/blog.mcgoldfish.com/Application/Runtime/Cache/Home/8cca0fde40b05e619f4b9e6ccada96a4.php 第 87 行.
NOTIC: [8] Use of undefined constant id - assumed 'id' /app/site/blog.mcgoldfish.com/Application/Runtime/Cache/Home/8cca0fde40b05e619f4b9e6ccada96a4.php 第 87 行.
NOTIC: [8] Array to string conversion /app/site/blog.mcgoldfish.com/Application/Runtime/Cache/Home/8cca0fde40b05e619f4b9e6ccada96a4.php 第 87 行.
NOTIC: [8] Use of undefined constant id - assumed 'id' /app/site/blog.mcgoldfish.com/Application/Runtime/Cache/Home/8cca0fde40b05e619f4b9e6ccada96a4.php 第 87 行.
NOTIC: [8] Array to string conversion /app/site/blog.mcgoldfish.com/Application/Runtime/Cache/Home/8cca0fde40b05e619f4b9e6ccada96a4.php 第 87 行.
NOTIC: [8] Use of undefined constant id - assumed 'id' /app/site/blog.mcgoldfish.com/Application/Runtime/Cache/Home/8cca0fde40b05e619f4b9e6ccada96a4.php 第 87 行.
NOTIC: [8] Array to string conversion /app/site/blog.mcgoldfish.com/Application/Runtime/Cache/Home/8cca0fde40b05e619f4b9e6ccada96a4.php 第 87 行.
NOTIC: [8] Use of undefined constant id - assumed 'id' /app/site/blog.mcgoldfish.com/Application/Runtime/Cache/Home/8cca0fde40b05e619f4b9e6ccada96a4.php 第 87 行.
NOTIC: [8] Array to string conversion /app/site/blog.mcgoldfish.com/Application/Runtime/Cache/Home/8cca0fde40b05e619f4b9e6ccada96a4.php 第 87 行.
NOTIC: [8] Use of undefined constant id - assumed 'id' /app/site/blog.mcgoldfish.com/Application/Runtime/Cache/Home/8cca0fde40b05e619f4b9e6ccada96a4.php 第 87 行.
NOTIC: [8] Array to string conversion /app/site/blog.mcgoldfish.com/Application/Runtime/Cache/Home/8cca0fde40b05e619f4b9e6ccada96a4.php 第 87 行.
NOTIC: [8] Use of undefined constant id - assumed 'id' /app/site/blog.mcgoldfish.com/Application/Runtime/Cache/Home/8cca0fde40b05e619f4b9e6ccada96a4.php 第 87 行.
NOTIC: [8] Array to string conversion /app/site/blog.mcgoldfish.com/Application/Runtime/Cache/Home/8cca0fde40b05e619f4b9e6ccada96a4.php 第 87 行.
NOTIC: [8] Use of undefined constant id - assumed 'id' /app/site/blog.mcgoldfish.com/Application/Runtime/Cache/Home/8cca0fde40b05e619f4b9e6ccada96a4.php 第 87 行.
NOTIC: [8] Array to string conversion /app/site/blog.mcgoldfish.com/Application/Runtime/Cache/Home/8cca0fde40b05e619f4b9e6ccada96a4.php 第 87 行.
NOTIC: [8] Use of undefined constant id - assumed 'id' /app/site/blog.mcgoldfish.com/Application/Runtime/Cache/Home/8cca0fde40b05e619f4b9e6ccada96a4.php 第 87 行.
NOTIC: [8] Array to string conversion /app/site/blog.mcgoldfish.com/Application/Runtime/Cache/Home/8cca0fde40b05e619f4b9e6ccada96a4.php 第 87 行.
INFO: Run Behavior\ParseTemplateBehavior [ RunTime:0.014239s ]
INFO: [ view_parse ] --END-- [ RunTime:0.014283s ]
INFO: [ view_filter ] --START--
INFO: Run Behavior\WriteHtmlCacheBehavior [ RunTime:0.000877s ]
INFO: [ view_filter ] --END-- [ RunTime:0.000908s ]
INFO: [ app_end ] --START--
INFO: Run Behavior\ShowPageTraceBehavior [ RunTime:0.000855s ]
INFO: [ app_end ] --END-- [ RunTime:0.000885s ]

[ 2017-03-14T22:30:25+08:00 ] 192.168.33.1 /index.php/article/view/id/Arrayid.html
INFO: [ app_init ] --START--
INFO: Run Behavior\BuildLiteBehavior [ RunTime:0.000012s ]
INFO: [ app_init ] --END-- [ RunTime:0.000598s ]
INFO: [ app_begin ] --START--
INFO: Run Behavior\ReadHtmlCacheBehavior [ RunTime:0.001063s ]
INFO: [ app_begin ] --END-- [ RunTime:0.001111s ]
ERR: 无法加载控制器:Index.php

[ 2017-03-14T22:31:18+08:00 ] 192.168.33.1 /
INFO: [ app_init ] --START--
INFO: Run Behavior\BuildLiteBehavior [ RunTime:0.000014s ]
INFO: [ app_init ] --END-- [ RunTime:0.000661s ]
INFO: [ app_begin ] --START--
INFO: Run Behavior\ReadHtmlCacheBehavior [ RunTime:0.000889s ]
INFO: [ app_begin ] --END-- [ RunTime:0.000936s ]
SQL: SHOW COLUMNS FROM `article` [ RunTime:0.0004s ]
SQL: SELECT article.*,category.category_name FROM `article` LEFT JOIN category ON article.category_id = category.id   [ RunTime:0.0003s ]
SQL: SHOW COLUMNS FROM `tag` [ RunTime:0.0003s ]
SQL: SELECT * FROM `tag` ORDER BY display_order  [ RunTime:0.0002s ]
INFO: [ view_parse ] --START--
INFO: [ template_filter ] --START--
INFO: Run Behavior\ContentReplaceBehavior [ RunTime:0.000041s ]
INFO: [ template_filter ] --END-- [ RunTime:0.000083s ]
NOTIC: [8] Use of undefined constant id - assumed 'id' /app/site/blog.mcgoldfish.com/Application/Runtime/Cache/Home/8cca0fde40b05e619f4b9e6ccada96a4.php 第 87 行.
NOTIC: [8] Array to string conversion /app/site/blog.mcgoldfish.com/Application/Runtime/Cache/Home/8cca0fde40b05e619f4b9e6ccada96a4.php 第 87 行.
NOTIC: [8] Use of undefined constant id - assumed 'id' /app/site/blog.mcgoldfish.com/Application/Runtime/Cache/Home/8cca0fde40b05e619f4b9e6ccada96a4.php 第 87 行.
NOTIC: [8] Array to string conversion /app/site/blog.mcgoldfish.com/Application/Runtime/Cache/Home/8cca0fde40b05e619f4b9e6ccada96a4.php 第 87 行.
NOTIC: [8] Use of undefined constant id - assumed 'id' /app/site/blog.mcgoldfish.com/Application/Runtime/Cache/Home/8cca0fde40b05e619f4b9e6ccada96a4.php 第 87 行.
NOTIC: [8] Array to string conversion /app/site/blog.mcgoldfish.com/Application/Runtime/Cache/Home/8cca0fde40b05e619f4b9e6ccada96a4.php 第 87 行.
NOTIC: [8] Use of undefined constant id - assumed 'id' /app/site/blog.mcgoldfish.com/Application/Runtime/Cache/Home/8cca0fde40b05e619f4b9e6ccada96a4.php 第 87 行.
NOTIC: [8] Array to string conversion /app/site/blog.mcgoldfish.com/Application/Runtime/Cache/Home/8cca0fde40b05e619f4b9e6ccada96a4.php 第 87 行.
NOTIC: [8] Use of undefined constant id - assumed 'id' /app/site/blog.mcgoldfish.com/Application/Runtime/Cache/Home/8cca0fde40b05e619f4b9e6ccada96a4.php 第 87 行.
NOTIC: [8] Array to string conversion /app/site/blog.mcgoldfish.com/Application/Runtime/Cache/Home/8cca0fde40b05e619f4b9e6ccada96a4.php 第 87 行.
NOTIC: [8] Use of undefined constant id - assumed 'id' /app/site/blog.mcgoldfish.com/Application/Runtime/Cache/Home/8cca0fde40b05e619f4b9e6ccada96a4.php 第 87 行.
NOTIC: [8] Array to string conversion /app/site/blog.mcgoldfish.com/Application/Runtime/Cache/Home/8cca0fde40b05e619f4b9e6ccada96a4.php 第 87 行.
NOTIC: [8] Use of undefined constant id - assumed 'id' /app/site/blog.mcgoldfish.com/Application/Runtime/Cache/Home/8cca0fde40b05e619f4b9e6ccada96a4.php 第 87 行.
NOTIC: [8] Array to string conversion /app/site/blog.mcgoldfish.com/Application/Runtime/Cache/Home/8cca0fde40b05e619f4b9e6ccada96a4.php 第 87 行.
NOTIC: [8] Use of undefined constant id - assumed 'id' /app/site/blog.mcgoldfish.com/Application/Runtime/Cache/Home/8cca0fde40b05e619f4b9e6ccada96a4.php 第 87 行.
NOTIC: [8] Array to string conversion /app/site/blog.mcgoldfish.com/Application/Runtime/Cache/Home/8cca0fde40b05e619f4b9e6ccada96a4.php 第 87 行.
NOTIC: [8] Use of undefined constant id - assumed 'id' /app/site/blog.mcgoldfish.com/Application/Runtime/Cache/Home/8cca0fde40b05e619f4b9e6ccada96a4.php 第 87 行.
NOTIC: [8] Array to string conversion /app/site/blog.mcgoldfish.com/Application/Runtime/Cache/Home/8cca0fde40b05e619f4b9e6ccada96a4.php 第 87 行.
INFO: Run Behavior\ParseTemplateBehavior [ RunTime:0.013525s ]
INFO: [ view_parse ] --END-- [ RunTime:0.013565s ]
INFO: [ view_filter ] --START--
INFO: Run Behavior\WriteHtmlCacheBehavior [ RunTime:0.001110s ]
INFO: [ view_filter ] --END-- [ RunTime:0.001141s ]
INFO: [ app_end ] --START--
INFO: Run Behavior\ShowPageTraceBehavior [ RunTime:0.001034s ]
INFO: [ app_end ] --END-- [ RunTime:0.001066s ]

[ 2017-03-14T22:31:20+08:00 ] 192.168.33.1 /article/view/id/Arrayid.html
INFO: [ app_init ] --START--
INFO: Run Behavior\BuildLiteBehavior [ RunTime:0.000014s ]
INFO: [ app_init ] --END-- [ RunTime:0.000771s ]
INFO: [ app_begin ] --START--
INFO: Run Behavior\ReadHtmlCacheBehavior [ RunTime:0.000659s ]
INFO: [ app_begin ] --END-- [ RunTime:0.000704s ]
INFO: [ view_parse ] --START--
INFO: [ template_filter ] --START--
INFO: Run Behavior\ContentReplaceBehavior [ RunTime:0.000027s ]
INFO: [ template_filter ] --END-- [ RunTime:0.000063s ]
INFO: Run Behavior\ParseTemplateBehavior [ RunTime:0.007202s ]
INFO: [ view_parse ] --END-- [ RunTime:0.007259s ]
INFO: [ view_filter ] --START--
INFO: Run Behavior\WriteHtmlCacheBehavior [ RunTime:0.001226s ]
INFO: [ view_filter ] --END-- [ RunTime:0.001273s ]

[ 2017-03-14T22:31:34+08:00 ] 192.168.33.1 /
INFO: [ app_init ] --START--
INFO: Run Behavior\BuildLiteBehavior [ RunTime:0.000037s ]
INFO: [ app_init ] --END-- [ RunTime:0.001811s ]
INFO: [ app_begin ] --START--
INFO: Run Behavior\ReadHtmlCacheBehavior [ RunTime:0.003399s ]
INFO: [ app_begin ] --END-- [ RunTime:0.003658s ]
SQL: SHOW COLUMNS FROM `article` [ RunTime:0.0004s ]
SQL: SELECT article.*,category.category_name FROM `article` LEFT JOIN category ON article.category_id = category.id   [ RunTime:0.0003s ]
SQL: SHOW COLUMNS FROM `tag` [ RunTime:0.0005s ]
SQL: SELECT * FROM `tag` ORDER BY display_order  [ RunTime:0.0002s ]
INFO: [ view_parse ] --START--
INFO: [ template_filter ] --START--
INFO: Run Behavior\ContentReplaceBehavior [ RunTime:0.000041s ]
INFO: [ template_filter ] --END-- [ RunTime:0.000081s ]
INFO: Run Behavior\ParseTemplateBehavior [ RunTime:0.008018s ]
INFO: [ view_parse ] --END-- [ RunTime:0.008066s ]
INFO: [ view_filter ] --START--
INFO: Run Behavior\WriteHtmlCacheBehavior [ RunTime:0.000874s ]
INFO: [ view_filter ] --END-- [ RunTime:0.000919s ]
INFO: [ app_end ] --START--
INFO: Run Behavior\ShowPageTraceBehavior [ RunTime:0.000729s ]
INFO: [ app_end ] --END-- [ RunTime:0.000766s ]

[ 2017-03-14T22:31:36+08:00 ] 192.168.33.1 /article/view/id/100160.html
INFO: [ app_init ] --START--
INFO: Run Behavior\BuildLiteBehavior [ RunTime:0.000012s ]
INFO: [ app_init ] --END-- [ RunTime:0.000331s ]
INFO: [ app_begin ] --START--
INFO: Run Behavior\ReadHtmlCacheBehavior [ RunTime:0.000561s ]
INFO: [ app_begin ] --END-- [ RunTime:0.000595s ]
SQL: SHOW COLUMNS FROM `article` [ RunTime:0.0004s ]
SQL: SELECT article.*,category.`category_name` as cate_name FROM `article` LEFT JOIN category ON article.category_id = category.id  WHERE article.id = '100160' AND article.status = 'active' LIMIT 1   [ RunTime:0.0003s ]
INFO: [ view_parse ] --START--
INFO: [ template_filter ] --START--
INFO: Run Behavior\ContentReplaceBehavior [ RunTime:0.000039s ]
INFO: [ template_filter ] --END-- [ RunTime:0.000080s ]
NOTIC: [8] Undefined variable: tag_list /app/site/blog.mcgoldfish.com/Application/Runtime/Cache/Home/26e245d131fbfddc59b67133722d08f7.php 第 105 行.
INFO: Run Behavior\ParseTemplateBehavior [ RunTime:0.010764s ]
INFO: [ view_parse ] --END-- [ RunTime:0.010808s ]
INFO: [ view_filter ] --START--
INFO: Run Behavior\WriteHtmlCacheBehavior [ RunTime:0.000607s ]
INFO: [ view_filter ] --END-- [ RunTime:0.000636s ]
INFO: [ app_end ] --START--
INFO: Run Behavior\ShowPageTraceBehavior [ RunTime:0.000562s ]
INFO: [ app_end ] --END-- [ RunTime:0.000589s ]

[ 2017-03-14T22:32:01+08:00 ] 192.168.33.1 /article/view/id/100161.html
INFO: [ app_init ] --START--
INFO: Run Behavior\BuildLiteBehavior [ RunTime:0.000012s ]
INFO: [ app_init ] --END-- [ RunTime:0.000724s ]
INFO: [ app_begin ] --START--
INFO: Run Behavior\ReadHtmlCacheBehavior [ RunTime:0.000838s ]
INFO: [ app_begin ] --END-- [ RunTime:0.000920s ]
SQL: SHOW COLUMNS FROM `article` [ RunTime:0.0004s ]
SQL: SELECT article.*,category.`category_name` as cate_name FROM `article` LEFT JOIN category ON article.category_id = category.id  WHERE article.id = '100161' AND article.status = 'active' LIMIT 1   [ RunTime:0.0002s ]
INFO: [ view_parse ] --START--
INFO: [ template_filter ] --START--
INFO: Run Behavior\ContentReplaceBehavior [ RunTime:0.000037s ]
INFO: [ template_filter ] --END-- [ RunTime:0.000075s ]
NOTIC: [8] Undefined variable: tag_list /app/site/blog.mcgoldfish.com/Application/Runtime/Cache/Home/26e245d131fbfddc59b67133722d08f7.php 第 105 行.
INFO: Run Behavior\ParseTemplateBehavior [ RunTime:0.010866s ]
INFO: [ view_parse ] --END-- [ RunTime:0.010907s ]
INFO: [ view_filter ] --START--
INFO: Run Behavior\WriteHtmlCacheBehavior [ RunTime:0.000878s ]
INFO: [ view_filter ] --END-- [ RunTime:0.000908s ]
INFO: [ app_end ] --START--
INFO: Run Behavior\ShowPageTraceBehavior [ RunTime:0.000824s ]
INFO: [ app_end ] --END-- [ RunTime:0.000851s ]

[ 2017-03-14T22:33:03+08:00 ] 192.168.33.1 /article/view/id/100161.html
INFO: [ app_init ] --START--
INFO: Run Behavior\BuildLiteBehavior [ RunTime:0.000024s ]
INFO: [ app_init ] --END-- [ RunTime:0.001407s ]
INFO: [ app_begin ] --START--
INFO: Run Behavior\ReadHtmlCacheBehavior [ RunTime:0.001634s ]
INFO: [ app_begin ] --END-- [ RunTime:0.001710s ]
SQL: SHOW COLUMNS FROM `article` [ RunTime:0.0010s ]
SQL: SELECT article.*,category.`category_name` as cate_name FROM `article` LEFT JOIN category ON article.category_id = category.id  WHERE article.id = '100161' AND article.status = 'active' LIMIT 1   [ RunTime:0.0006s ]
INFO: [ view_parse ] --START--
INFO: [ template_filter ] --START--
INFO: Run Behavior\ContentReplaceBehavior [ RunTime:0.000062s ]
INFO: [ template_filter ] --END-- [ RunTime:0.000140s ]
NOTIC: [8] Undefined variable: tag_list /app/site/blog.mcgoldfish.com/Application/Runtime/Cache/Home/26e245d131fbfddc59b67133722d08f7.php 第 105 行.
INFO: Run Behavior\ParseTemplateBehavior [ RunTime:0.025834s ]
INFO: [ view_parse ] --END-- [ RunTime:0.025972s ]
INFO: [ view_filter ] --START--
INFO: Run Behavior\WriteHtmlCacheBehavior [ RunTime:0.002753s ]
INFO: [ view_filter ] --END-- [ RunTime:0.002838s ]
INFO: [ app_end ] --START--
INFO: Run Behavior\ShowPageTraceBehavior [ RunTime:0.001661s ]
INFO: [ app_end ] --END-- [ RunTime:0.001761s ]

[ 2017-03-14T22:34:00+08:00 ] 192.168.33.1 /article/view/id/100161.html
INFO: [ app_init ] --START--
INFO: Run Behavior\BuildLiteBehavior [ RunTime:0.000015s ]
INFO: [ app_init ] --END-- [ RunTime:0.000740s ]
INFO: [ app_begin ] --START--
INFO: Run Behavior\ReadHtmlCacheBehavior [ RunTime:0.000846s ]
INFO: [ app_begin ] --END-- [ RunTime:0.000882s ]
SQL: SHOW COLUMNS FROM `article` [ RunTime:0.0005s ]
SQL: SELECT article.*,category.`category_name` as cate_name FROM `article` LEFT JOIN category ON article.category_id = category.id  WHERE article.id = '100161' AND article.status = 'active' LIMIT 1   [ RunTime:0.0002s ]
INFO: [ view_parse ] --START--
INFO: [ template_filter ] --START--
INFO: Run Behavior\ContentReplaceBehavior [ RunTime:0.000036s ]
INFO: [ template_filter ] --END-- [ RunTime:0.000074s ]
NOTIC: [8] Undefined variable: tag_list /app/site/blog.mcgoldfish.com/Application/Runtime/Cache/Home/26e245d131fbfddc59b67133722d08f7.php 第 105 行.
INFO: Run Behavior\ParseTemplateBehavior [ RunTime:0.011651s ]
INFO: [ view_parse ] --END-- [ RunTime:0.011701s ]
INFO: [ view_filter ] --START--
INFO: Run Behavior\WriteHtmlCacheBehavior [ RunTime:0.000879s ]
INFO: [ view_filter ] --END-- [ RunTime:0.000909s ]
INFO: [ app_end ] --START--
INFO: Run Behavior\ShowPageTraceBehavior [ RunTime:0.000876s ]
INFO: [ app_end ] --END-- [ RunTime:0.000905s ]

